154
211 456 
121 174 
280 205 
217 216 
92 114 
194 391 
395 498 
476 64 
64 63 
96 19 
463 338 
338 337 
337 239 
328 397 
397 239 
27 107 
213 107 
107 119 
119 81 
82 81 
145 80 
423 424 
258 424 
424 425 
425 79 
386 79 
79 80 
295 492 
487 41 
267 245 
245 244 
244 57 
57 56 
85 2 
2 9 
9 30 
256 201 
201 30 
34 298 
298 30 
30 459 
459 460 
460 17 
289 429 
429 148 
207 41 40 56 84 491 492 81 80 17 180 89 149 148 234 448 418 239 483 
483 202 
202 203 
4 292 
292 417 
203 378 235 29 345 19 20 335 417 61 365 63 169 170 
170 498 
498 293 
131 293 
293 372 
354 242 
199 198 
198 330 269 490 488 315 316 5 161 242 243 372 204 
204 391 
391 392 
392 125 
125 468 
468 467 466 465 144 318 370 369 214 54 241 240 114 113 
113 112 
221 112 
112 233 
233 184 
478 285 
285 14 
434 433 331 362 361 164 352 59 15 14 44 179 182 183 184 305 
305 326 
264 33 
440 18 
99 270 
154 155 
301 300 
300 326 
278 324 325 46 291 195 32 33 18 270 271 155 272 53 299 326 380 
357 380 
380 379 
379 428 
428 249 62 346 284 474 377 36 216 205 50 402 141 
141 385 
385 384 
384 398 
398 151 
381 344 105 277 97 98 218 174 38 353 368 367 188 382 151 464 
464 58 
58 55 
55 441 167 168 193 192 475 407 6 43 124 219 220 
220 446 
446 445 
445 444 
443 444 
444 496 
496 497 162 349 95 310 311 135 134 133 47 482 206 388 
388 390 
390 224 
224 225 
225 21 493 127 247 246 31 110 111 406 232 480 481 404 432 
432 257 
257 156 
26 435 189 275 186 456 449 450 422 469 273 156 35 
35 274 
274 319 
319 451 
451 237 
237 405 286 287 197 196 401 394 473 457 458 437 436 383 
383 25 
25 329 
329 366 
322 341 340 88 87 190 191 408 359 358 103 430 431 366 101 
101 494 
494 302 
302 484 10 11 122 42 261 200 314 288 266 265 153 
153 452 
452 70 
70 172 
172 171 
171 83 477 165 327 255 486 485 375 416 49 461 462 210 410 187 
187 215 
454 455 16 227 479 102 371 7 8 309 181 453 176 215 22 
22 173 
173 389 
279 363 364 373 317 294 48 374 350 360 426 427 251 250 389 128 
128 470 
470 93 94 39 252 253 254 74 75 313 399 400 396 
396 76 
76 77 
77 78 
78 500 
500 150 177 323 147 209 208 60 348 347 376 68 281 282 290 332 
332 333 
343 12 236 297 495 419 66 65 24 175 442 415 334 333 342 
342 226 
226 411 
411 412 439 230 403 438 104 229 228 28 262 142 143 263 
263 106 
106 120 
120 336 
336 212 296 67 356 152 160 159 51 52 223 90 69 37 
37 420 
420 421 
421 414 
414 413 248 393 123 115 276 489 303 45 132 231 321 320 447 
447 109 
109 126 
117 118 146 108 136 260 259 178 130 137 138 139 126 116 
116 140 
140 163 
163 268 
268 100 283 129 23 185 222 86 387 312 339 355 409 158 157 306 
306 307 
3 71 72 73 166 499 308 238 471 472 304 351 91 13 307 1 
